Using pre-set license
Built from '2020.3/staging' branch; Version is '2020.3.11f1 (99c7afb366b3) revision 10078127'; Using compiler version '192528614'; Build Type 'Release'
OS: 'Windows 10 Home Single Language; OS build 19043.1165; Version 2009; 64bit' Language: 'en' Physical Memory: 16234 MB
BatchMode: 1, IsHumanControllingUs: 0, StartBugReporterOnCrash: 0, Is64bit: 1, IsPro: 0

 COMMAND LINE ARGUMENTS:
C:\Program Files\Unity\Hub\Editor\2020.3.11f1\Editor\Unity.exe
-adb2
-batchMode
-noUpm
-name
AssetImportWorker0
-projectPath
D:/CODES/CS427 - Game/FinalProject-URP/CS427_3D-Final-Project
-logFile
Logs/AssetImportWorker0.log
-srvPort
62855
Successfully changed project path to: D:/CODES/CS427 - Game/FinalProject-URP/CS427_3D-Final-Project
D:/CODES/CS427 - Game/FinalProject-URP/CS427_3D-Final-Project
Using Asset Import Pipeline V2.
Refreshing native plugins compatible for Editor in 47.33 ms, found 2 plugins.
Preloading 0 native plugins for Editor in 0.00 ms.
Initialize engine version: 2020.3.11f1 (99c7afb366b3)
[Subsystems] Discovering subsystems at path C:/Program Files/Unity/Hub/Editor/2020.3.11f1/Editor/Data/Resources/UnitySubsystems
[Subsystems] Discovering subsystems at path D:/CODES/CS427 - Game/FinalProject-URP/CS427_3D-Final-Project/Assets
GfxDevice: creating device client; threaded=0
Direct3D:
    Version:  Direct3D 11.0 [level 11.1]
    Renderer: NVIDIA GeForce GTX 1060 (ID=0x1c20)
    Vendor:   
    VRAM:     6052 MB
    Driver:   30.0.14.7168
Initialize mono
Mono path[0] = 'C:/Program Files/Unity/Hub/Editor/2020.3.11f1/Editor/Data/Managed'
Mono path[1] = 'C:/Program Files/Unity/Hub/Editor/2020.3.11f1/Editor/Data/MonoBleedingEdge/lib/mono/unityjit'
Mono config path = 'C:/Program Files/Unity/Hub/Editor/2020.3.11f1/Editor/Data/MonoBleedingEdge/etc'
Using monoOptions --debugger-agent=transport=dt_socket,embedding=1,server=y,suspend=n,address=127.0.0.1:56540
Begin MonoManager ReloadAssembly
Registering precompiled unity dll's ...
Register platform support module: C:/Program Files/Unity/Hub/Editor/2020.3.11f1/Editor/Data/PlaybackEngines/WebGLSupport/UnityEditor.WebGL.Extensions.dll
Register platform support module: C:/Program Files/Unity/Hub/Editor/2020.3.11f1/Editor/Data/PlaybackEngines/MacStandaloneSupport/UnityEditor.OSXStandalone.Extensions.dll
Register platform support module: C:/Program Files/Unity/Hub/Editor/2020.3.11f1/Editor/Data/PlaybackEngines/WindowsStandaloneSupport/UnityEditor.WindowsStandalone.Extensions.dll
Registered in 0.003203 seconds.
Native extension for WindowsStandalone target not found
Native extension for OSXStandalone target not found
Native extension for WebGL target not found
Refreshing native plugins compatible for Editor in 46.96 ms, found 2 plugins.
Preloading 0 native plugins for Editor in 0.00 ms.
Mono: successfully reloaded assembly
- Completed reload, in  1.739 seconds
Platform modules already initialized, skipping
Registering precompiled user dll's ...
Registered in 0.004031 seconds.
Begin MonoManager ReloadAssembly
Native extension for WindowsStandalone target not found
Native extension for OSXStandalone target not found
Native extension for WebGL target not found
Refreshing native plugins compatible for Editor in 48.43 ms, found 2 plugins.
Preloading 0 native plugins for Editor in 0.00 ms.
Mono: successfully reloaded assembly
- Completed reload, in  1.118 seconds
Platform modules already initialized, skipping
========================================================================
Worker process is ready to serve import requests
Shader 'Universal Render Pipeline/Particles/Lit': fallback shader 'Universal Render Pipeline/Particles/SimpleLit' not found
Shader 'Universal Render Pipeline/Particles/Lit': fallback shader 'Universal Render Pipeline/Particles/SimpleLit' not found
Launched and connected shader compiler UnityShaderCompiler.exe after 0.05 seconds
Refreshing native plugins compatible for Editor in 0.51 ms, found 2 plugins.
Preloading 0 native plugins for Editor in 0.00 ms.
Unloading 2711 Unused Serialized files (Serialized files now loaded: 0)
System memory in use before: 124.8 MB.
System memory in use after: 122.0 MB.

Unloading 57 unused Assets to reduce memory usage. Loaded Objects now: 3114.
Total: 3.356500 ms (FindLiveObjects: 0.225000 ms CreateObjectMapping: 0.100500 ms MarkObjects: 1.837700 ms  DeleteObjects: 1.191900 ms)

========================================================================
Received Import Request.
  path: Assets/Settings
  artifactKey: Guid(0735c275001a2c84dafdb30deced5d8d) Importer(815301076,1909f56bfc062723c751e8b465ee728b)
Start importing Assets/Settings using Guid(0735c275001a2c84dafdb30deced5d8d) Importer(815301076,1909f56bfc062723c751e8b465ee728b)  -> (artifact id: 'cadd7ca10b5bf32e886eec457cf073a7') in 0.007746 seconds
  Import took 0.011314 seconds .

========================================================================
Received Import Request.
  Time since last request: 232.832890 seconds.
  path: Assets/Materials/New Shader Graph.shadergraph
  artifactKey: Guid(c453e3fc4c95a264984d7939784b130b) Importer(815301076,1909f56bfc062723c751e8b465ee728b)
Start importing Assets/Materials/New Shader Graph.shadergraph using Guid(c453e3fc4c95a264984d7939784b130b) Importer(815301076,1909f56bfc062723c751e8b465ee728b)  -> (artifact id: 'e44cc8181fb14584b4ad653a3bddad29') in 0.047203 seconds
  Import took 0.051576 seconds .

========================================================================
Received Import Request.
  Time since last request: 3.373235 seconds.
  path: Assets/Materials/New Shader Graph.shadergraph
  artifactKey: Guid(c453e3fc4c95a264984d7939784b130b) Importer(815301076,1909f56bfc062723c751e8b465ee728b)
Start importing Assets/Materials/New Shader Graph.shadergraph using Guid(c453e3fc4c95a264984d7939784b130b) Importer(815301076,1909f56bfc062723c751e8b465ee728b)  -> (artifact id: 'e44cc8181fb14584b4ad653a3bddad29') in 0.002900 seconds
  Import took 0.007308 seconds .

========================================================================
Received Import Request.
  Time since last request: 14.508218 seconds.
  path: Assets/Materials/Blockade.shadergraph
  artifactKey: Guid(c453e3fc4c95a264984d7939784b130b) Importer(815301076,1909f56bfc062723c751e8b465ee728b)
Start importing Assets/Materials/Blockade.shadergraph using Guid(c453e3fc4c95a264984d7939784b130b) Importer(815301076,1909f56bfc062723c751e8b465ee728b)  -> (artifact id: '1ff87edf4b33b3dcfbd4f138f457c270') in 0.008043 seconds
  Import took 0.013638 seconds .

========================================================================
Received Import Request.
  Time since last request: 7.628470 seconds.
  path: Assets/Materials/ForceBlockade.shadergraph
  artifactKey: Guid(c453e3fc4c95a264984d7939784b130b) Importer(815301076,1909f56bfc062723c751e8b465ee728b)
Start importing Assets/Materials/ForceBlockade.shadergraph using Guid(c453e3fc4c95a264984d7939784b130b) Importer(815301076,1909f56bfc062723c751e8b465ee728b)  -> (artifact id: '09ecf24d9d75aa3fee7ced468aa63499') in 0.007758 seconds
  Import took 0.011923 seconds .

========================================================================
Received Import Request.
  Time since last request: 25.435404 seconds.
  path: Assets/Materials/ForceBlockade_Mat.mat
  artifactKey: Guid(fee0c8fd001e57f4f886e21f614d1958) Importer(815301076,1909f56bfc062723c751e8b465ee728b)
Start importing Assets/Materials/ForceBlockade_Mat.mat using Guid(fee0c8fd001e57f4f886e21f614d1958) Importer(815301076,1909f56bfc062723c751e8b465ee728b)  -> (artifact id: '09c73a72a17cffaf064f4350ca701d75') in 0.205839 seconds
  Import took 0.210005 seconds .

========================================================================
Received Import Request.
  Time since last request: 674.596457 seconds.
  path: Assets/Materials/ForceBlockade.shadergraph
  artifactKey: Guid(c453e3fc4c95a264984d7939784b130b) Importer(815301076,1909f56bfc062723c751e8b465ee728b)
Start importing Assets/Materials/ForceBlockade.shadergraph using Guid(c453e3fc4c95a264984d7939784b130b) Importer(815301076,1909f56bfc062723c751e8b465ee728b)  -> (artifact id: '0bb389e4f9ebc3d076689013affa57ff') in 0.004084 seconds
  Import took 0.008962 seconds .

========================================================================
Received Import Request.
  Time since last request: 0.004447 seconds.
  path: Assets/Materials/ForceBlockade.shadergraph
  artifactKey: Guid(c453e3fc4c95a264984d7939784b130b) Importer(815301076,1909f56bfc062723c751e8b465ee728b)
Start importing Assets/Materials/ForceBlockade.shadergraph using Guid(c453e3fc4c95a264984d7939784b130b) Importer(815301076,1909f56bfc062723c751e8b465ee728b)  -> (artifact id: '0bb389e4f9ebc3d076689013affa57ff') in 0.002669 seconds
  Import took 0.007310 seconds .

========================================================================
Received Import Request.
  Time since last request: 452.686756 seconds.
  path: Assets/Settings/UniversalRP-HighQuality.asset
  artifactKey: Guid(19ba41d7c0026c3459d37c2fe90c55a0) Importer(815301076,1909f56bfc062723c751e8b465ee728b)
Start importing Assets/Settings/UniversalRP-HighQuality.asset using Guid(19ba41d7c0026c3459d37c2fe90c55a0) Importer(815301076,1909f56bfc062723c751e8b465ee728b)  -> (artifact id: '7ee5c1bb101c2509c04519d6dfb657a8') in 0.008846 seconds
  Import took 0.013401 seconds .

========================================================================
Received Import Request.
  Time since last request: 1297.438155 seconds.
  path: Assets/Materials/rhombus_pattern.jpg
  artifactKey: Guid(9d57b5bc5634f414dba6969ec95d18df) Importer(815301076,1909f56bfc062723c751e8b465ee728b)
Start importing Assets/Materials/rhombus_pattern.jpg using Guid(9d57b5bc5634f414dba6969ec95d18df) Importer(815301076,1909f56bfc062723c751e8b465ee728b)  -> (artifact id: 'd1a77e505aeca21a0470ca8705b8526e') in 0.047904 seconds
  Import took 0.060490 seconds .

========================================================================
Received Import Request.
  Time since last request: 221.492700 seconds.
  path: Assets/Materials/rhombus_pattern.jpg
  artifactKey: Guid(9d57b5bc5634f414dba6969ec95d18df) Importer(815301076,1909f56bfc062723c751e8b465ee728b)
Start importing Assets/Materials/rhombus_pattern.jpg using Guid(9d57b5bc5634f414dba6969ec95d18df) Importer(815301076,1909f56bfc062723c751e8b465ee728b)  -> (artifact id: 'af744253355a11b6bd4a40546d8aed22') in 0.014550 seconds
  Import took 0.019063 seconds .

========================================================================
Received Import Request.
  Time since last request: 0.002574 seconds.
  path: Assets/Materials/rhombus_pattern.jpg
  artifactKey: Guid(9d57b5bc5634f414dba6969ec95d18df) Importer(815301076,1909f56bfc062723c751e8b465ee728b)
Start importing Assets/Materials/rhombus_pattern.jpg using Guid(9d57b5bc5634f414dba6969ec95d18df) Importer(815301076,1909f56bfc062723c751e8b465ee728b)  -> (artifact id: 'af744253355a11b6bd4a40546d8aed22') in 0.026820 seconds
  Import took 0.030856 seconds .

========================================================================
Received Import Request.
  Time since last request: 62.499799 seconds.
  path: Assets/Materials/rhombus_pattern(2).jpg
  artifactKey: Guid(81bc5b5f4bfaa4c44aacab0e6804715f) Importer(815301076,1909f56bfc062723c751e8b465ee728b)
Start importing Assets/Materials/rhombus_pattern(2).jpg using Guid(81bc5b5f4bfaa4c44aacab0e6804715f) Importer(815301076,1909f56bfc062723c751e8b465ee728b)  -> (artifact id: 'd392b0e75f4621a9e90b0ab3d7518355') in 0.010813 seconds
  Import took 0.014812 seconds .

========================================================================
Received Prepare
Registering precompiled user dll's ...
Registered in 0.004454 seconds.
Begin MonoManager ReloadAssembly
Native extension for WindowsStandalone target not found
Native extension for OSXStandalone target not found
Native extension for WebGL target not found
Refreshing native plugins compatible for Editor in 0.51 ms, found 2 plugins.
Preloading 0 native plugins for Editor in 0.00 ms.
Mono: successfully reloaded assembly
- Completed reload, in  1.111 seconds
Platform modules already initialized, skipping
Shader 'Universal Render Pipeline/Particles/Lit': fallback shader 'Universal Render Pipeline/Particles/SimpleLit' not found
Shader 'Universal Render Pipeline/Particles/Lit': fallback shader 'Universal Render Pipeline/Particles/SimpleLit' not found
Refreshing native plugins compatible for Editor in 0.50 ms, found 2 plugins.
Preloading 0 native plugins for Editor in 0.00 ms.
Unloading 2635 Unused Serialized files (Serialized files now loaded: 0)
System memory in use before: 126.9 MB.
System memory in use after: 124.1 MB.

Unloading 52 unused Assets to reduce memory usage. Loaded Objects now: 3199.
Total: 3.475300 ms (FindLiveObjects: 0.224900 ms CreateObjectMapping: 0.095100 ms MarkObjects: 1.938800 ms  DeleteObjects: 1.215400 ms)

========================================================================
Received Prepare
Registering precompiled user dll's ...
Registered in 0.004229 seconds.
Begin MonoManager ReloadAssembly
Native extension for WindowsStandalone target not found
Native extension for OSXStandalone target not found
Native extension for WebGL target not found
Refreshing native plugins compatible for Editor in 0.49 ms, found 2 plugins.
Preloading 0 native plugins for Editor in 0.00 ms.
Mono: successfully reloaded assembly
- Completed reload, in  1.041 seconds
Platform modules already initialized, skipping
Shader 'Universal Render Pipeline/Particles/Lit': fallback shader 'Universal Render Pipeline/Particles/SimpleLit' not found
Shader 'Universal Render Pipeline/Particles/Lit': fallback shader 'Universal Render Pipeline/Particles/SimpleLit' not found
Refreshing native plugins compatible for Editor in 0.54 ms, found 2 plugins.
Preloading 0 native plugins for Editor in 0.00 ms.
Unloading 2633 Unused Serialized files (Serialized files now loaded: 0)
System memory in use before: 126.8 MB.
System memory in use after: 124.1 MB.

Unloading 52 unused Assets to reduce memory usage. Loaded Objects now: 3202.
Total: 3.667800 ms (FindLiveObjects: 0.256500 ms CreateObjectMapping: 0.123100 ms MarkObjects: 1.995200 ms  DeleteObjects: 1.292000 ms)

========================================================================
Received Import Request.
  Time since last request: 1406.905589 seconds.
  path: Assets/Materials/ForceBlockade_Mat.mat
  artifactKey: Guid(fee0c8fd001e57f4f886e21f614d1958) Importer(815301076,1909f56bfc062723c751e8b465ee728b)
Start importing Assets/Materials/ForceBlockade_Mat.mat using Guid(fee0c8fd001e57f4f886e21f614d1958) Importer(815301076,1909f56bfc062723c751e8b465ee728b)  -> (artifact id: '38da5ac00d1c6c7e5261589baf716ce4') in 0.202908 seconds
  Import took 0.207024 seconds .

AssetImportWorkerClient::OnTransportError - code=2 error=End of file
