Using pre-set license
Built from '2020.3/staging' branch; Version is '2020.3.11f1 (99c7afb366b3) revision 10078127'; Using compiler version '192528614'; Build Type 'Release'
OS: 'Windows 10 Home Single Language; OS build 19043.1165; Version 2009; 64bit' Language: 'en' Physical Memory: 16234 MB
BatchMode: 1, IsHumanControllingUs: 0, StartBugReporterOnCrash: 0, Is64bit: 1, IsPro: 0

 COMMAND LINE ARGUMENTS:
C:\Program Files\Unity\Hub\Editor\2020.3.11f1\Editor\Unity.exe
-adb2
-batchMode
-noUpm
-name
AssetImportWorker0
-projectPath
D:/CODES/CS427 - Game/FinalProject-URP/CS427_3D-Final-Project
-logFile
Logs/AssetImportWorker0.log
-srvPort
64866
Successfully changed project path to: D:/CODES/CS427 - Game/FinalProject-URP/CS427_3D-Final-Project
D:/CODES/CS427 - Game/FinalProject-URP/CS427_3D-Final-Project
Using Asset Import Pipeline V2.
Refreshing native plugins compatible for Editor in 54.71 ms, found 2 plugins.
Preloading 0 native plugins for Editor in 0.00 ms.
Initialize engine version: 2020.3.11f1 (99c7afb366b3)
[Subsystems] Discovering subsystems at path C:/Program Files/Unity/Hub/Editor/2020.3.11f1/Editor/Data/Resources/UnitySubsystems
[Subsystems] Discovering subsystems at path D:/CODES/CS427 - Game/FinalProject-URP/CS427_3D-Final-Project/Assets
GfxDevice: creating device client; threaded=0
Direct3D:
    Version:  Direct3D 11.0 [level 11.1]
    Renderer: NVIDIA GeForce GTX 1060 (ID=0x1c20)
    Vendor:   
    VRAM:     6052 MB
    Driver:   30.0.14.7168
Initialize mono
Mono path[0] = 'C:/Program Files/Unity/Hub/Editor/2020.3.11f1/Editor/Data/Managed'
Mono path[1] = 'C:/Program Files/Unity/Hub/Editor/2020.3.11f1/Editor/Data/MonoBleedingEdge/lib/mono/unityjit'
Mono config path = 'C:/Program Files/Unity/Hub/Editor/2020.3.11f1/Editor/Data/MonoBleedingEdge/etc'
Using monoOptions --debugger-agent=transport=dt_socket,embedding=1,server=y,suspend=n,address=127.0.0.1:56936
Begin MonoManager ReloadAssembly
Registering precompiled unity dll's ...
Register platform support module: C:/Program Files/Unity/Hub/Editor/2020.3.11f1/Editor/Data/PlaybackEngines/WebGLSupport/UnityEditor.WebGL.Extensions.dll
Register platform support module: C:/Program Files/Unity/Hub/Editor/2020.3.11f1/Editor/Data/PlaybackEngines/MacStandaloneSupport/UnityEditor.OSXStandalone.Extensions.dll
Register platform support module: C:/Program Files/Unity/Hub/Editor/2020.3.11f1/Editor/Data/PlaybackEngines/WindowsStandaloneSupport/UnityEditor.WindowsStandalone.Extensions.dll
Registered in 0.004801 seconds.
Native extension for WindowsStandalone target not found
Native extension for OSXStandalone target not found
Native extension for WebGL target not found
Refreshing native plugins compatible for Editor in 71.76 ms, found 2 plugins.
Preloading 0 native plugins for Editor in 0.00 ms.
Mono: successfully reloaded assembly
- Completed reload, in  1.932 seconds
Platform modules already initialized, skipping
Registering precompiled user dll's ...
Registered in 0.005364 seconds.
Begin MonoManager ReloadAssembly
Native extension for WindowsStandalone target not found
Native extension for OSXStandalone target not found
Native extension for WebGL target not found
Refreshing native plugins compatible for Editor in 49.28 ms, found 2 plugins.
Preloading 0 native plugins for Editor in 0.00 ms.
Mono: successfully reloaded assembly
- Completed reload, in  1.196 seconds
Platform modules already initialized, skipping
========================================================================
Worker process is ready to serve import requests
Shader 'Universal Render Pipeline/Particles/Lit': fallback shader 'Universal Render Pipeline/Particles/SimpleLit' not found
Shader 'Universal Render Pipeline/Particles/Lit': fallback shader 'Universal Render Pipeline/Particles/SimpleLit' not found
Launched and connected shader compiler UnityShaderCompiler.exe after 0.04 seconds
Refreshing native plugins compatible for Editor in 0.81 ms, found 2 plugins.
Preloading 0 native plugins for Editor in 0.00 ms.
Unloading 2712 Unused Serialized files (Serialized files now loaded: 0)
System memory in use before: 125.6 MB.
System memory in use after: 122.8 MB.

Unloading 55 unused Assets to reduce memory usage. Loaded Objects now: 3118.
Total: 3.724900 ms (FindLiveObjects: 0.248800 ms CreateObjectMapping: 0.149900 ms MarkObjects: 1.975700 ms  DeleteObjects: 1.349300 ms)

========================================================================
Received Import Request.
  path: Assets/Materials/ForceBlockade_Mat.mat
  artifactKey: Guid(fee0c8fd001e57f4f886e21f614d1958) Importer(815301076,1909f56bfc062723c751e8b465ee728b)
Start importing Assets/Materials/ForceBlockade_Mat.mat using Guid(fee0c8fd001e57f4f886e21f614d1958) Importer(815301076,1909f56bfc062723c751e8b465ee728b)  -> (artifact id: 'cd3f0ae8e0bdbb6fc4e79d8e023484a0') in 0.253075 seconds
  Import took 0.257450 seconds .

========================================================================
Received Import Request.
  Time since last request: 0.000290 seconds.
  path: Assets/Materials/rhombus_pattern(2).jpg
  artifactKey: Guid(81bc5b5f4bfaa4c44aacab0e6804715f) Importer(815301076,1909f56bfc062723c751e8b465ee728b)
Start importing Assets/Materials/rhombus_pattern(2).jpg using Guid(81bc5b5f4bfaa4c44aacab0e6804715f) Importer(815301076,1909f56bfc062723c751e8b465ee728b)  -> (artifact id: 'bb2ebf0dfe7bb5dcdc21781054c1652c') in 0.025018 seconds
  Import took 0.031702 seconds .

========================================================================
Received Import Request.
  Time since last request: 0.000282 seconds.
  path: Assets/Materials/rhombus_pattern.jpg
  artifactKey: Guid(9d57b5bc5634f414dba6969ec95d18df) Importer(815301076,1909f56bfc062723c751e8b465ee728b)
Start importing Assets/Materials/rhombus_pattern.jpg using Guid(9d57b5bc5634f414dba6969ec95d18df) Importer(815301076,1909f56bfc062723c751e8b465ee728b)  -> (artifact id: 'd389ca4c77b82cef2e7b52d93fc9695e') in 0.015501 seconds
  Import took 0.020698 seconds .

========================================================================
Received Import Request.
  Time since last request: 5.833932 seconds.
  path: Assets/Settings/UniversalRP-HighQuality.asset
  artifactKey: Guid(19ba41d7c0026c3459d37c2fe90c55a0) Importer(815301076,1909f56bfc062723c751e8b465ee728b)
Start importing Assets/Settings/UniversalRP-HighQuality.asset using Guid(19ba41d7c0026c3459d37c2fe90c55a0) Importer(815301076,1909f56bfc062723c751e8b465ee728b)  -> (artifact id: 'd96f4763c375ff7900518931ab7d084e') in 0.004874 seconds
  Import took 0.008533 seconds .

========================================================================
Received Import Request.
  Time since last request: 3.431700 seconds.
  path: Assets/Materials/ForceBlockade.shadergraph
  artifactKey: Guid(c453e3fc4c95a264984d7939784b130b) Importer(815301076,1909f56bfc062723c751e8b465ee728b)
Start importing Assets/Materials/ForceBlockade.shadergraph using Guid(c453e3fc4c95a264984d7939784b130b) Importer(815301076,1909f56bfc062723c751e8b465ee728b)  -> (artifact id: '8ded961e6f03b76a0bef882db7fdf4a9') in 0.008217 seconds
  Import took 0.011872 seconds .

========================================================================
Received Import Request.
  Time since last request: 0.115623 seconds.
  path: Assets/Materials/ForceBlockade.shadergraph
  artifactKey: Guid(c453e3fc4c95a264984d7939784b130b) Importer(815301076,1909f56bfc062723c751e8b465ee728b)
Start importing Assets/Materials/ForceBlockade.shadergraph using Guid(c453e3fc4c95a264984d7939784b130b) Importer(815301076,1909f56bfc062723c751e8b465ee728b)  -> (artifact id: '8ded961e6f03b76a0bef882db7fdf4a9') in 0.001740 seconds
  Import took 0.005611 seconds .

========================================================================
Received Import Request.
  Time since last request: 20.815553 seconds.
  path: Assets/Materials/ForceBlockade.shadergraph
  artifactKey: Guid(c453e3fc4c95a264984d7939784b130b) Importer(815301076,1909f56bfc062723c751e8b465ee728b)
Start importing Assets/Materials/ForceBlockade.shadergraph using Guid(c453e3fc4c95a264984d7939784b130b) Importer(815301076,1909f56bfc062723c751e8b465ee728b)  -> (artifact id: 'c673e1230970aaa3360b26d3dc400c5b') in 0.002533 seconds
  Import took 0.007192 seconds .

========================================================================
Received Import Request.
  Time since last request: 85.907636 seconds.
  path: Assets/Materials/ForceBlockade.shadergraph
  artifactKey: Guid(c453e3fc4c95a264984d7939784b130b) Importer(815301076,1909f56bfc062723c751e8b465ee728b)
Start importing Assets/Materials/ForceBlockade.shadergraph using Guid(c453e3fc4c95a264984d7939784b130b) Importer(815301076,1909f56bfc062723c751e8b465ee728b)  -> (artifact id: 'cbe0e61d682a7b35b53bedd87f649bd3') in 0.002785 seconds
  Import took 0.010716 seconds .

========================================================================
Received Import Request.
  Time since last request: 186.997124 seconds.
  path: Assets/Materials/ForceBlockade.shadergraph
  artifactKey: Guid(c453e3fc4c95a264984d7939784b130b) Importer(815301076,1909f56bfc062723c751e8b465ee728b)
Start importing Assets/Materials/ForceBlockade.shadergraph using Guid(c453e3fc4c95a264984d7939784b130b) Importer(815301076,1909f56bfc062723c751e8b465ee728b)  -> (artifact id: 'a163b9d46d0299b5b90c43450297a72a') in 0.002686 seconds
  Import took 0.009503 seconds .

========================================================================
Received Prepare
Registering precompiled user dll's ...
Registered in 0.004425 seconds.
Begin MonoManager ReloadAssembly
Native extension for WindowsStandalone target not found
Native extension for OSXStandalone target not found
Native extension for WebGL target not found
Refreshing native plugins compatible for Editor in 0.59 ms, found 2 plugins.
Preloading 0 native plugins for Editor in 0.00 ms.
Mono: successfully reloaded assembly
- Completed reload, in  1.242 seconds
Platform modules already initialized, skipping
Shader 'Universal Render Pipeline/Particles/Lit': fallback shader 'Universal Render Pipeline/Particles/SimpleLit' not found
Shader 'Universal Render Pipeline/Particles/Lit': fallback shader 'Universal Render Pipeline/Particles/SimpleLit' not found
Refreshing native plugins compatible for Editor in 0.55 ms, found 2 plugins.
Preloading 0 native plugins for Editor in 0.00 ms.
Unloading 2632 Unused Serialized files (Serialized files now loaded: 0)
System memory in use before: 126.7 MB.
System memory in use after: 124.0 MB.

Unloading 50 unused Assets to reduce memory usage. Loaded Objects now: 3202.
Total: 3.403900 ms (FindLiveObjects: 0.252300 ms CreateObjectMapping: 0.117700 ms MarkObjects: 1.827800 ms  DeleteObjects: 1.205200 ms)

========================================================================
Received Import Request.
  Time since last request: 137.738522 seconds.
  path: Assets/Materials/ForceBlockade.shadergraph
  artifactKey: Guid(c453e3fc4c95a264984d7939784b130b) Importer(815301076,1909f56bfc062723c751e8b465ee728b)
Start importing Assets/Materials/ForceBlockade.shadergraph using Guid(c453e3fc4c95a264984d7939784b130b) Importer(815301076,1909f56bfc062723c751e8b465ee728b)  -> (artifact id: 'e77458fba68e70308b9707d46daa10e2') in 0.024262 seconds
  Import took 0.028845 seconds .

========================================================================
Received Prepare
Registering precompiled user dll's ...
Registered in 0.005856 seconds.
Begin MonoManager ReloadAssembly
Native extension for WindowsStandalone target not found
Native extension for OSXStandalone target not found
Native extension for WebGL target not found
Refreshing native plugins compatible for Editor in 0.54 ms, found 2 plugins.
Preloading 0 native plugins for Editor in 0.00 ms.
Mono: successfully reloaded assembly
- Completed reload, in  1.083 seconds
Platform modules already initialized, skipping
Shader 'Universal Render Pipeline/Particles/Lit': fallback shader 'Universal Render Pipeline/Particles/SimpleLit' not found
Shader 'Universal Render Pipeline/Particles/Lit': fallback shader 'Universal Render Pipeline/Particles/SimpleLit' not found
Refreshing native plugins compatible for Editor in 0.54 ms, found 2 plugins.
Preloading 0 native plugins for Editor in 0.00 ms.
Unloading 2631 Unused Serialized files (Serialized files now loaded: 0)
System memory in use before: 126.8 MB.
System memory in use after: 124.0 MB.

Unloading 50 unused Assets to reduce memory usage. Loaded Objects now: 3205.
Total: 3.850400 ms (FindLiveObjects: 0.261200 ms CreateObjectMapping: 0.125800 ms MarkObjects: 2.054800 ms  DeleteObjects: 1.407200 ms)

========================================================================
Received Import Request.
  Time since last request: 179.469774 seconds.
  path: Assets/Materials/ForceBlockade_Mat.mat
  artifactKey: Guid(fee0c8fd001e57f4f886e21f614d1958) Importer(815301076,1909f56bfc062723c751e8b465ee728b)
Start importing Assets/Materials/ForceBlockade_Mat.mat using Guid(fee0c8fd001e57f4f886e21f614d1958) Importer(815301076,1909f56bfc062723c751e8b465ee728b)  -> (artifact id: 'cf82157c66146ae75772059579d2d551') in 0.184475 seconds
  Import took 0.188778 seconds .

========================================================================
Received Import Request.
  Time since last request: 0.190020 seconds.
  path: Assets/Materials/ForceBlockade_Mat.mat
  artifactKey: Guid(fee0c8fd001e57f4f886e21f614d1958) Importer(815301076,1909f56bfc062723c751e8b465ee728b)
Start importing Assets/Materials/ForceBlockade_Mat.mat using Guid(fee0c8fd001e57f4f886e21f614d1958) Importer(815301076,1909f56bfc062723c751e8b465ee728b)  -> (artifact id: 'cf82157c66146ae75772059579d2d551') in 0.011886 seconds
  Import took 0.016552 seconds .

AssetImportWorkerClient::OnTransportError - code=2 error=End of file
